app/linear-regression/page.tsx(280,14): error TS7006: Parameter 'x' implicitly has an 'any' type.
app/linear-regression/page.tsx(281,14): error TS7006: Parameter 'y' implicitly has an 'any' type.
app/linear-regression/page.tsx(396,14): error TS7006: Parameter 'x' implicitly has an 'any' type.
app/linear-regression/page.tsx(397,14): error TS7006: Parameter 'y' implicitly has an 'any' type.
app/linear-regression/page.tsx(445,14): error TS7006: Parameter 'x' implicitly has an 'any' type.
app/linear-regression/page.tsx(446,14): error TS7006: Parameter 'y' implicitly has an 'any' type.
app/linear-regression/page.tsx(448,20): error TS7006: Parameter 'data' implicitly has an 'any' type.
app/linear-regression/page.tsx(448,38): error TS7006: Parameter 'd' implicitly has an 'any' type.
app/linear-regression/page.tsx(448,41): error TS7006: Parameter 'i' implicitly has an 'any' type.
app/linear-regression/page.tsx(590,43): error TS7053: Element implicitly has an 'any' type because expression of type 'string' can't be used to index type '{ High: string; Medium: string; Low: string; }'.
  No index signature with a parameter of type 'string' was found on type '{ High: string; Medium: string; Low: string; }'.
app/linear-regression/page.tsx(590,75): error TS7053: Element implicitly has an 'any' type because expression of type 'string' can't be used to index type '{ High: string; Medium: string; Low: string; }'.
  No index signature with a parameter of type 'string' was found on type '{ High: string; Medium: string; Low: string; }'.
app/linear-regression/page.tsx(751,42): error TS7006: Parameter 'h' implicitly has an 'any' type.
app/linear-regression/page.tsx(1069,35): error TS7006: Parameter 'h' implicitly has an 'any' type.
app/linear-regression/page.tsx(1070,32): error TS7006: Parameter 'h' implicitly has an 'any' type.
app/linear-regression/page.tsx(1081,57): error TS7006: Parameter 'h' implicitly has an 'any' type.
app/linear-regression/page.tsx(1081,94): error TS7006: Parameter 'h' implicitly has an 'any' type.
app/linear-regression/page.tsx(1082,57): error TS7006: Parameter 'h' implicitly has an 'any' type.
app/linear-regression/page.tsx(1082,94): error TS7006: Parameter 'h' implicitly has an 'any' type.
